[debug] [2020-02-23T13:56:48.337Z] ----------------------------------------------------------------------
[debug] [2020-02-23T13:56:48.339Z] Command:       /usr/local/bin/node /usr/local/bin/firebase deploy
[debug] [2020-02-23T13:56:48.339Z] CLI Version:   7.12.1
[debug] [2020-02-23T13:56:48.339Z] Platform:      darwin
[debug] [2020-02-23T13:56:48.339Z] Node Version:  v10.16.3
[debug] [2020-02-23T13:56:48.340Z] Time:          Sun Feb 23 2020 14:56:48 GMT+0100 (Central European Standard Time)
[debug] [2020-02-23T13:56:48.340Z] ----------------------------------------------------------------------
[debug] [2020-02-23T13:56:48.340Z] 
[debug] [2020-02-23T13:56:48.347Z] > command requires scopes: ["email","openid","https://www.googleapis.com/auth/cloudplatformprojects.readonly","https://www.googleapis.com/auth/firebase","https://www.googleapis.com/auth/cloud-platform"]
[debug] [2020-02-23T13:56:48.347Z] > authorizing via signed-in user
[debug] [2020-02-23T13:56:48.347Z] [iam] checking project martinnilsen-58652 for permissions ["firebase.projects.get","firebasehosting.sites.update"]
[debug] [2020-02-23T13:56:48.349Z] >>> HTTP REQUEST POST https://cloudresourcemanager.googleapis.com/v1/projects/martinnilsen-58652:testIamPermissions  

[debug] [2020-02-23T13:56:49.270Z] <<< HTTP RESPONSE 200
[debug] [2020-02-23T13:56:49.272Z] >>> HTTP REQUEST GET https://firebase.googleapis.com/v1beta1/projects/martinnilsen-58652  
 
[debug] [2020-02-23T13:56:49.606Z] <<< HTTP RESPONSE 200
[info] 
[info] === Deploying to 'martinnilsen-58652'...
[info] 
[info] i  deploying hosting
[debug] [2020-02-23T13:56:49.611Z] >>> HTTP REQUEST POST https://firebasehosting.googleapis.com/v1beta1/sites/martinnilsen-58652/versions  

[debug] [2020-02-23T13:56:51.212Z] <<< HTTP RESPONSE 200
[info] i  hosting[martinnilsen-58652]: beginning deploy...
[info] i  hosting[martinnilsen-58652]: found 27 files in build
[debug] [2020-02-23T13:56:51.603Z] [hosting] hash cache [YnVpbGQ] stored for 27 files
[debug] [2020-02-23T13:56:51.603Z] [hosting][hash queue][FINAL]
[debug] [2020-02-23T13:56:51.603Z] >>> HTTP REQUEST POST https://firebasehosting.googleapis.com/v1beta1/sites/martinnilsen-58652/versions/dfff36da6b6812c8:populateFiles  
 <request body omitted>
[debug] [2020-02-23T13:56:52.748Z] <<< HTTP RESPONSE 200
[debug] [2020-02-23T13:56:52.753Z] [hosting][populate queue][FINAL]
[debug] [2020-02-23T13:56:52.753Z] [hosting] uploads queued: 6
